{
  "RSpec": {
    "coverage": {
      "/home/runner/work/todo-rist/todo-rist/app/models/user.rb": {
        "lines": [
          null,
          null,
          1,
          1,
          null,
          1,
          null,
          null,
          1,
          null,
          1,
          1,
          1,
          1,
          null,
          1,
          null,
          1,
          null,
          1,
          6,
          6,
          null,
          6,
          null,
          null,
          null,
          null,
          null,
          null,
          null,
          6,
          null,
          null,
          1,
          0,
          null,
          null,
          1,
          null,
          1,
          31,
          null,
          null
        ]
      },
      "/home/runner/work/todo-rist/todo-rist/app/models/application_record.rb": {
        "lines": [
          null,
          null,
          1,
          1,
          null
        ]
      },
      "/home/runner/work/todo-rist/todo-rist/lib/openai_client.rb": {
        "lines": [
          null,
          null,
          1,
          1,
          null,
          1,
          null,
          1,
          0,
          null,
          null,
          1,
          0,
          null,
          null,
          null,
          null,
          null,
          null,
          null,
          null,
          null,
          null,
          null,
          null,
          0,
          0,
          null,
          null,
          0,
          null,
          null,
          null,
          null,
          null
        ]
      },
      "/home/runner/work/todo-rist/todo-rist/app/controllers/application_controller.rb": {
        "lines": [
          null,
          null,
          1,
          1,
          null,
          19,
          null,
          26,
          null,
          1,
          1,
          null,
          1,
          null,
          1,
          21,
          21,
          null,
          0,
          null,
          0,
          0,
          0,
          0,
          null,
          null,
          null,
          null,
          1,
          0,
          null,
          null,
          1,
          0,
          null,
          null
        ]
      },
      "/home/runner/work/todo-rist/todo-rist/app/helpers/application_helper.rb": {
        "lines": [
          null,
          null,
          1,
          1,
          null,
          null,
          1,
          4,
          null,
          3,
          null,
          0,
          null,
          1,
          null,
          0,
          null,
          null,
          null,
          null
        ]
      },
      "/home/runner/work/todo-rist/todo-rist/app/helpers/link_helper.rb": {
        "lines": [
          null,
          null,
          1,
          1,
          16,
          16,
          16,
          null,
          0,
          null,
          null,
          null,
          1,
          0,
          null,
          0,
          null,
          0,
          null,
          0,
          null,
          0,
          null,
          0,
          null,
          null,
          0,
          0,
          0,
          null,
          0,
          0,
          null,
          null,
          null,
          null,
          1,
          null,
          3,
          null,
          null,
          null,
          null,
          null,
          null,
          1,
          null,
          3,
          null,
          null,
          null,
          null,
          1,
          6,
          null,
          6,
          null,
          null
        ]
      },
      "/home/runner/work/todo-rist/todo-rist/app/controllers/links_controller.rb": {
        "lines": [
          null,
          null,
          1,
          1,
          null,
          1,
          1,
          null,
          1,
          null,
          1,
          3,
          3,
          3,
          null,
          3,
          3,
          3,
          null,
          null,
          null,
          1,
          3,
          null,
          null,
          null,
          3,
          3,
          3,
          null,
          null,
          1,
          1,
          null,
          null,
          1,
          3,
          null,
          3,
          2,
          null,
          1,
          null,
          null,
          null,
          1,
          2,
          null,
          null,
          1,
          2,
          null,
          null,
          1,
          2,
          null,
          null,
          1,
          4,
          null,
          4,
          3,
          null,
          1,
          null,
          null,
          4,
          null,
          null,
          1,
          null,
          1,
          3,
          null,
          null,
          1,
          6,
          null,
          null
        ]
      },
      "/home/runner/work/todo-rist/todo-rist/app/controllers/concerns/searchable.rb": {
        "lines": [
          null,
          null,
          1,
          1,
          null,
          1,
          null,
          1,
          6,
          6,
          null,
          6,
          null,
          null,
          1,
          6,
          null,
          null
        ]
      },
      "/home/runner/work/todo-rist/todo-rist/app/controllers/root_controller.rb": {
        "lines": [
          null,
          null,
          1,
          1,
          2,
          null,
          1,
          null,
          null,
          1,
          null
        ]
      },
      "/home/runner/work/todo-rist/todo-rist/app/controllers/users_controller.rb": {
        "lines": [
          null,
          null,
          1,
          1,
          null,
          1,
          0,
          null,
          0,
          0,
          null,
          null,
          null
        ]
      },
      "/home/runner/work/todo-rist/todo-rist/app/controllers/admin/application_controller.rb": {
        "lines": [
          null,
          null,
          1,
          1,
          1,
          null,
          1,
          null,
          1,
          1,
          null,
          null
        ]
      },
      "/home/runner/work/todo-rist/todo-rist/app/controllers/admin/links_controller.rb": {
        "lines": [
          null,
          null,
          1,
          1,
          1,
          null,
          null,
          1,
          null,
          1,
          1,
          null,
          null
        ]
      },
      "/home/runner/work/todo-rist/todo-rist/app/controllers/users/omniauth_callbacks_controller.rb": {
        "lines": [
          null,
          null,
          1,
          1,
          2,
          2,
          null,
          2,
          1,
          null,
          1,
          null,
          1,
          null,
          1,
          1,
          null,
          null,
          null
        ]
      },
      "/home/runner/work/todo-rist/todo-rist/app/controllers/users/sessions_controller.rb": {
        "lines": [
          null,
          null,
          1,
          1,
          1,
          1,
          null,
          1,
          null,
          1,
          0,
          null,
          null,
          1,
          0,
          null,
          null
        ]
      },
      "/home/runner/work/todo-rist/todo-rist/app/jobs/application_job.rb": {
        "lines": [
          null,
          null,
          1,
          1,
          null,
          null,
          null,
          null,
          null,
          null,
          null
        ]
      },
      "/home/runner/work/todo-rist/todo-rist/app/jobs/link_scraping_job.rb": {
        "lines": [
          null,
          null,
          1,
          1,
          null,
          1,
          null,
          0,
          null,
          null,
          1,
          0,
          null,
          0,
          null,
          null,
          1,
          0,
          null,
          0,
          0,
          null,
          0,
          0,
          null,
          0,
          null,
          null,
          null,
          null,
          null,
          null,
          null,
          1,
          null,
          1,
          0,
          null,
          null,
          null,
          null,
          null,
          null,
          null,
          null,
          null,
          null,
          null,
          null,
          null,
          null,
          null,
          null,
          null,
          null,
          null,
          null,
          null,
          null,
          null,
          null,
          null,
          null,
          null,
          null,
          null,
          null,
          null,
          null,
          null,
          null,
          null,
          0,
          null,
          null,
          null,
          1,
          0,
          null,
          null,
          null,
          null,
          null,
          1,
          0,
          null,
          null
        ]
      },
      "/home/runner/work/todo-rist/todo-rist/app/models/link.rb": {
        "lines": [
          null,
          null,
          1,
          1,
          1,
          1,
          1,
          null,
          1,
          null,
          1,
          1,
          null,
          1,
          16,
          null,
          4,
          null,
          1,
          8,
          8,
          8,
          8,
          null,
          null,
          null
        ]
      },
      "/home/runner/work/todo-rist/todo-rist/app/models/link/scraping.rb": {
        "lines": [
          null,
          null,
          1,
          1,
          null,
          1,
          1,
          null,
          1,
          null,
          null,
          1,
          0,
          null,
          null,
          1,
          null,
          1,
          10,
          null,
          null
        ]
      },
      "/home/runner/work/todo-rist/todo-rist/app/models/link/searchable.rb": {
        "lines": [
          null,
          null,
          1,
          1,
          null,
          1,
          1,
          84,
          null,
          null,
          1,
          12,
          null,
          null,
          null
        ]
      },
      "/home/runner/work/todo-rist/todo-rist/app/models/link/readable.rb": {
        "lines": [
          null,
          null,
          1,
          1,
          null,
          1,
          7,
          null,
          null,
          1,
          5,
          null,
          null,
          1,
          38,
          null,
          null,
          1,
          3,
          null,
          null
        ]
      }
    },
    "timestamp": 1704640718
  }
}
