{
  "RSpec": {
    "coverage": {
      "/home/runner/work/todo-rist/todo-rist/app/serializers/links/remind_info_serializer.rb": {
        "lines": [
          null,
          null,
          1,
          1,
          1,
          0,
          null,
          null,
          1,
          0,
          null,
          null,
          1,
          0,
          null,
          null,
          null,
          null,
          null,
          null,
          null,
          null,
          null,
          null
        ]
      },
      "/home/runner/work/todo-rist/todo-rist/app/models/user.rb": {
        "lines": [
          null,
          null,
          1,
          1,
          1,
          null,
          1,
          null,
          null,
          1,
          1,
          1,
          1,
          null,
          1,
          1,
          1,
          1,
          null,
          1,
          null,
          1,
          null,
          1,
          6,
          6,
          null,
          6,
          null,
          null,
          null,
          null,
          null,
          null,
          null,
          null,
          null,
          6,
          6,
          null,
          null,
          1,
          2,
          null,
          null,
          1,
          null,
          1,
          61,
          null,
          null
        ]
      },
      "/home/runner/work/todo-rist/todo-rist/app/models/application_record.rb": {
        "lines": [
          null,
          null,
          1,
          1,
          null
        ]
      },
      "/home/runner/work/todo-rist/todo-rist/app/models/users/attachable.rb": {
        "lines": [
          null,
          null,
          1,
          null,
          1,
          1,
          null,
          1,
          1,
          null,
          1,
          null,
          null,
          1,
          7,
          7,
          7,
          null,
          null
        ]
      },
      "/home/runner/work/todo-rist/todo-rist/app/controllers/application_controller.rb": {
        "lines": [
          null,
          null,
          1,
          1,
          1,
          null,
          23,
          null,
          32,
          null,
          1,
          1,
          null,
          1,
          null,
          1,
          27,
          24,
          null,
          3,
          null,
          3,
          5,
          3,
          4,
          null,
          null,
          null,
          null,
          1,
          0,
          null,
          null,
          1,
          0,
          null,
          null
        ]
      },
      "/home/runner/work/todo-rist/todo-rist/app/helpers/application_helper.rb": {
        "lines": [
          null,
          null,
          1,
          1,
          null,
          null,
          1,
          5,
          null,
          3,
          null,
          0,
          null,
          2,
          null,
          0,
          null,
          null,
          null,
          null,
          1,
          17,
          null,
          null,
          null,
          null,
          null,
          null,
          null
        ]
      },
      "/home/runner/work/todo-rist/todo-rist/app/helpers/link_helper.rb": {
        "lines": [
          null,
          null,
          1,
          1,
          9,
          null,
          9,
          null,
          0,
          null,
          0,
          null,
          0,
          null,
          9,
          null,
          null,
          9,
          9,
          0,
          null,
          9,
          9,
          null,
          null,
          null,
          null,
          1,
          null,
          3,
          null,
          null,
          null,
          null,
          null,
          null,
          1,
          null,
          3,
          null,
          null,
          null,
          null,
          1,
          6,
          null,
          6,
          null,
          null,
          1,
          0,
          null,
          null
        ]
      },
      "/home/runner/work/todo-rist/todo-rist/app/helpers/setting_helper.rb": {
        "lines": [
          null,
          null,
          1,
          1,
          1,
          null,
          null,
          null,
          null,
          null,
          1,
          1,
          null,
          null
        ]
      },
      "/home/runner/work/todo-rist/todo-rist/app/helpers/turbo_stream_actions_helper.rb": {
        "lines": [
          null,
          null,
          1,
          1,
          0,
          null,
          null,
          null,
          1
        ]
      },
      "/home/runner/work/todo-rist/todo-rist/app/controllers/concerns/locale.rb": {
        "lines": [
          null,
          null,
          1,
          1,
          null,
          1,
          1,
          null,
          null,
          1,
          null,
          1,
          31,
          31,
          null,
          null
        ]
      },
      "/home/runner/work/todo-rist/todo-rist/app/controllers/links_controller.rb": {
        "lines": [
          null,
          null,
          1,
          1,
          null,
          1,
          1,
          null,
          1,
          null,
          1,
          3,
          3,
          3,
          null,
          3,
          3,
          3,
          null,
          null,
          null,
          1,
          3,
          null,
          null,
          null,
          3,
          3,
          3,
          null,
          null,
          1,
          0,
          null,
          null,
          1,
          1,
          null,
          null,
          1,
          null,
          1,
          3,
          null,
          3,
          2,
          2,
          2,
          2,
          2,
          null,
          null,
          null,
          1,
          null,
          1,
          1,
          1,
          1,
          1,
          null,
          null,
          null,
          null,
          null,
          1,
          0,
          0,
          0,
          null,
          0,
          0,
          null,
          null,
          null,
          1,
          2,
          null,
          null,
          1,
          2,
          null,
          null,
          1,
          2,
          null,
          null,
          1,
          4,
          null,
          4,
          3,
          null,
          1,
          null,
          null,
          4,
          null,
          null,
          1,
          null,
          1,
          3,
          null,
          null,
          1,
          0,
          null,
          null,
          1,
          6,
          null,
          null
        ]
      },
      "/home/runner/work/todo-rist/todo-rist/app/controllers/concerns/searchable.rb": {
        "lines": [
          null,
          null,
          1,
          1,
          null,
          1,
          null,
          1,
          6,
          6,
          null,
          6,
          null,
          null,
          1,
          6,
          null,
          null
        ]
      },
      "/home/runner/work/todo-rist/todo-rist/app/controllers/notifications_controller.rb": {
        "lines": [
          null,
          null,
          1,
          1,
          null,
          1,
          0,
          0,
          null,
          null
        ]
      },
      "/home/runner/work/todo-rist/todo-rist/app/controllers/root_controller.rb": {
        "lines": [
          null,
          null,
          1,
          1,
          2,
          null,
          1,
          null,
          null,
          1,
          0,
          null,
          null,
          1,
          0,
          null,
          null,
          1,
          0,
          null,
          null
        ]
      },
      "/home/runner/work/todo-rist/todo-rist/app/controllers/settings_controller.rb": {
        "lines": [
          null,
          null,
          1,
          1,
          null,
          1,
          null,
          1,
          0,
          null,
          null,
          1,
          1,
          null,
          null,
          1,
          0,
          0,
          null,
          null
        ]
      },
      "/home/runner/work/todo-rist/todo-rist/app/controllers/users_controller.rb": {
        "lines": [
          null,
          null,
          1,
          1,
          null,
          1,
          1,
          null,
          1,
          2,
          null,
          null,
          null,
          1,
          null,
          1,
          0,
          null,
          null
        ]
      },
      "/home/runner/work/todo-rist/todo-rist/app/controllers/admin/application_controller.rb": {
        "lines": [
          null,
          null,
          1,
          1,
          1,
          null,
          1,
          null,
          1,
          1,
          null,
          null
        ]
      },
      "/home/runner/work/todo-rist/todo-rist/app/controllers/admin/links_controller.rb": {
        "lines": [
          null,
          null,
          1,
          1,
          1,
          null,
          null,
          1,
          null,
          1,
          1,
          null,
          null
        ]
      },
      "/home/runner/work/todo-rist/todo-rist/app/controllers/links/records_controller.rb": {
        "lines": [
          null,
          null,
          1,
          1,
          1,
          1,
          null,
          1,
          null,
          1,
          null,
          1,
          0,
          null,
          0,
          0,
          0,
          null,
          0,
          0,
          null,
          null,
          null,
          1,
          0,
          0,
          0,
          null,
          0,
          0,
          null,
          null,
          null,
          1,
          0,
          0,
          0,
          null,
          0,
          0,
          null,
          null,
          null,
          1,
          null,
          1,
          0,
          null,
          null,
          1,
          0,
          null,
          null,
          1,
          0,
          null,
          null,
          1,
          0,
          null,
          null,
          null,
          null,
          null,
          null
        ]
      },
      "/home/runner/work/todo-rist/todo-rist/app/controllers/links/tags_controller.rb": {
        "lines": [
          null,
          null,
          1,
          1,
          1,
          null,
          1,
          0,
          0,
          null,
          0,
          0,
          0,
          null,
          null,
          null,
          null,
          1,
          0,
          null,
          null,
          1,
          null,
          1,
          0,
          0,
          0,
          null,
          0,
          null,
          null,
          null,
          1,
          0,
          0,
          null,
          0,
          null,
          null,
          null,
          1,
          0,
          0,
          null,
          0,
          0,
          null,
          null,
          null,
          1,
          null,
          1,
          0,
          null,
          null,
          1,
          0,
          null,
          null
        ]
      },
      "/home/runner/work/todo-rist/todo-rist/app/controllers/users/omniauth_callbacks_controller.rb": {
        "lines": [
          null,
          null,
          1,
          1,
          2,
          2,
          null,
          2,
          1,
          null,
          1,
          0,
          0,
          null,
          1,
          null,
          null,
          1,
          1,
          null,
          null,
          null
        ]
      },
      "/home/runner/work/todo-rist/todo-rist/app/controllers/users/registrations_controller.rb": {
        "lines": [
          null,
          null,
          1,
          1,
          0,
          0,
          0,
          0,
          0,
          null,
          null,
          0,
          null,
          0,
          0,
          null,
          null,
          null,
          null,
          null,
          null,
          null,
          null,
          null,
          null,
          null,
          null,
          1,
          null,
          1,
          0,
          null,
          null
        ]
      },
      "/home/runner/work/todo-rist/todo-rist/app/controllers/users/reminder_settings_controller.rb": {
        "lines": [
          null,
          null,
          1,
          1,
          1,
          null,
          1,
          0,
          0,
          0,
          null,
          0,
          null,
          null,
          0,
          null,
          null,
          1,
          0,
          0,
          null,
          0,
          null,
          null,
          0,
          null,
          null,
          1,
          null,
          1,
          0,
          null,
          null,
          null,
          null,
          1,
          0,
          null,
          null
        ]
      },
      "/home/runner/work/todo-rist/todo-rist/app/controllers/users/sessions_controller.rb": {
        "lines": [
          null,
          null,
          1,
          1,
          1,
          1,
          null,
          1,
          null,
          1,
          0,
          null,
          null,
          1,
          0,
          null,
          null
        ]
      },
      "/home/runner/work/todo-rist/todo-rist/app/controllers/users/summary_settings_controller.rb": {
        "lines": [
          null,
          null,
          1,
          1,
          1,
          null,
          1,
          0,
          0,
          0,
          null,
          0,
          null,
          null,
          0,
          null,
          null,
          1,
          0,
          0,
          null,
          0,
          null,
          null,
          0,
          null,
          null,
          1,
          null,
          1,
          0,
          null,
          null,
          1,
          0,
          null,
          null,
          null,
          null
        ]
      },
      "/home/runner/work/todo-rist/todo-rist/app/jobs/application_job.rb": {
        "lines": [
          null,
          null,
          1,
          1,
          null,
          null,
          null,
          null,
          null,
          null,
          null
        ]
      },
      "/home/runner/work/todo-rist/todo-rist/app/jobs/links/remind_job.rb": {
        "lines": [
          null,
          null,
          1,
          1,
          null,
          1,
          null,
          0,
          null,
          null,
          1,
          0,
          0,
          null,
          null,
          null,
          0,
          null,
          null
        ]
      },
      "/home/runner/work/todo-rist/todo-rist/app/jobs/links/scraping_job.rb": {
        "lines": [
          null,
          null,
          1,
          1,
          null,
          1,
          null,
          0,
          null,
          null,
          1,
          0,
          null,
          0,
          null,
          null,
          1,
          0,
          null,
          0,
          0,
          null,
          0,
          0,
          null,
          0,
          null,
          null,
          null,
          null,
          null,
          null,
          null
        ]
      },
      "/home/runner/work/todo-rist/todo-rist/app/models/link.rb": {
        "lines": [
          null,
          null,
          1,
          1,
          1,
          1,
          1,
          1,
          1,
          null,
          1,
          1,
          1,
          1,
          null,
          null,
          1,
          null,
          1,
          19,
          null,
          null,
          27,
          null,
          1,
          null,
          14,
          1,
          17,
          17,
          null,
          17,
          null,
          1,
          3,
          3,
          null,
          1,
          null,
          1,
          8,
          8,
          8,
          8,
          null,
          null,
          null,
          1,
          null,
          1,
          8,
          null,
          null
        ]
      },
      "/home/runner/work/todo-rist/todo-rist/app/models/concerns/taggable.rb": {
        "lines": [
          null,
          null,
          1,
          1,
          null,
          1,
          1,
          1,
          1,
          null,
          null,
          1,
          8,
          0,
          null,
          8,
          null,
          null,
          null,
          1,
          0,
          null,
          null,
          1,
          null,
          1,
          30,
          null,
          0,
          null,
          0,
          0,
          0,
          null,
          0,
          null,
          null,
          0,
          0,
          null,
          null,
          null,
          null,
          0,
          0,
          null,
          null
        ]
      },
      "/home/runner/work/todo-rist/todo-rist/app/models/links/scraping.rb": {
        "lines": [
          null,
          null,
          1,
          1,
          null,
          1,
          null,
          1,
          1,
          null,
          1,
          null,
          null,
          1,
          0,
          null,
          null,
          null,
          null,
          null,
          null,
          null,
          null,
          null,
          null,
          null,
          null,
          null,
          null,
          null,
          null,
          null,
          null,
          null,
          null,
          null,
          null,
          null,
          null,
          null,
          null,
          null,
          0,
          0,
          null,
          0,
          0,
          null,
          null,
          null,
          null,
          1,
          0,
          0,
          null,
          null,
          1,
          1,
          null,
          null,
          1,
          null,
          1,
          null,
          0,
          null,
          null,
          null,
          null,
          null,
          null,
          1,
          0,
          null,
          null,
          1,
          13,
          null,
          null
        ]
      },
      "/home/runner/work/todo-rist/todo-rist/app/models/links/searchable.rb": {
        "lines": [
          null,
          null,
          1,
          1,
          null,
          1,
          1,
          96,
          null,
          null,
          1,
          24,
          null,
          null,
          1,
          12,
          null,
          null,
          null
        ]
      },
      "/home/runner/work/todo-rist/todo-rist/app/models/links/readable.rb": {
        "lines": [
          null,
          null,
          1,
          1,
          null,
          1,
          1,
          1,
          null,
          null,
          1,
          8,
          null,
          null,
          1,
          5,
          null,
          null,
          1,
          76,
          null,
          null,
          1,
          22,
          null,
          null,
          1,
          19,
          null,
          null
        ]
      },
      "/home/runner/work/todo-rist/todo-rist/app/models/links/remindable.rb": {
        "lines": [
          null,
          null,
          1,
          1,
          null,
          1,
          1,
          0,
          null,
          null,
          null,
          1,
          2,
          null,
          null
        ]
      },
      "/home/runner/work/todo-rist/todo-rist/app/models/tag.rb": {
        "lines": [
          null,
          null,
          1,
          1,
          1,
          null,
          1,
          null,
          1,
          12,
          null,
          null
        ]
      },
      "/home/runner/work/todo-rist/todo-rist/app/models/tagging.rb": {
        "lines": [
          null,
          null,
          1,
          1,
          1,
          null,
          1,
          null
        ]
      },
      "/home/runner/work/todo-rist/todo-rist/app/models/links/application_record.rb": {
        "lines": [
          null,
          null,
          1,
          1,
          1,
          null
        ]
      },
      "/home/runner/work/todo-rist/todo-rist/app/models/links/crawl_result.rb": {
        "lines": [
          null,
          null,
          1,
          1,
          1,
          null,
          1,
          1,
          null
        ]
      },
      "/home/runner/work/todo-rist/todo-rist/app/models/links/record.rb": {
        "lines": [
          null,
          null,
          1,
          1,
          null,
          1,
          null,
          1,
          1,
          null
        ]
      },
      "/home/runner/work/todo-rist/todo-rist/app/models/links/remind_info.rb": {
        "lines": [
          null,
          null,
          1,
          1,
          1,
          1,
          null,
          1,
          1,
          1,
          1,
          1,
          1,
          null,
          1,
          1,
          null,
          null,
          null,
          null,
          null,
          null,
          null,
          null,
          null
        ]
      },
      "/home/runner/work/todo-rist/todo-rist/app/models/links/tag.rb": {
        "lines": [
          null,
          null,
          1,
          1,
          null,
          1,
          1,
          null
        ]
      },
      "/home/runner/work/todo-rist/todo-rist/app/models/users/application_record.rb": {
        "lines": [
          null,
          null,
          1,
          1,
          1,
          null
        ]
      },
      "/home/runner/work/todo-rist/todo-rist/app/models/users/reminder_setting.rb": {
        "lines": [
          null,
          null,
          1,
          1,
          null,
          1,
          null,
          null,
          null,
          1,
          null,
          null,
          1,
          1,
          null,
          1,
          null,
          34,
          null,
          1,
          16,
          null,
          null,
          1,
          20,
          null,
          20,
          20,
          19,
          19,
          null,
          1,
          null,
          null,
          null,
          null
        ]
      },
      "/home/runner/work/todo-rist/todo-rist/app/models/users/schedule.rb": {
        "lines": [
          null,
          null,
          1,
          1,
          null,
          1,
          15,
          15,
          null,
          null,
          1,
          20,
          null,
          19,
          21,
          null,
          40,
          null,
          null,
          null
        ]
      },
      "/home/runner/work/todo-rist/todo-rist/app/models/users/summary_setting.rb": {
        "lines": [
          null,
          null,
          1,
          1,
          null,
          1,
          null
        ]
      },
      "/home/runner/work/todo-rist/todo-rist/app/notifiers/application_notifier.rb": {
        "lines": [
          null,
          null,
          1,
          null
        ]
      },
      "/home/runner/work/todo-rist/todo-rist/app/notifiers/links/remind_notifier.rb": {
        "lines": [
          null,
          null,
          1,
          1,
          1,
          1,
          1,
          null,
          null,
          1,
          null,
          1,
          1,
          0,
          null,
          null,
          1,
          0,
          null,
          null,
          1,
          0,
          null,
          null,
          1,
          0,
          null,
          null,
          null
        ]
      }
    },
    "timestamp": 1711035411
  }
}
